<?xml version="1.0" encoding="UTF-8"?>
<!-- Generated by org.testng.reporters.JUnitXMLReporter -->
<testsuite ignored="0" hostname="Faruq" failures="1" tests="2" name="Login Test and Link Test" time="8.481" errors="0" timestamp="2024-07-14T11:37:19 EDT">
  <testcase classname="facebookBase.LoginTest" name="loginTest" time="1.603">
    <failure type="java.lang.AssertionError" message="expected [Log into Facebook1] but found [Log into Facebook]">
      <![CDATA[java.lang.AssertionError: expected [Log into Facebook1] but found [Log into Facebook]
at facebookBase.LoginTest.loginTest(LoginTest.java:23)
at java.base/java.util.ArrayList.forEach(ArrayList.java:1511)
... Removed 33 stack frames]]>
    </failure>
  </testcase> <!-- loginTest -->
  <testcase classname="facebookBase.LinkTest" name="messengerLinkTest" time="1.276"/>
</testsuite> <!-- Login Test and Link Test -->
